[debug] [2022-10-09T10:32:51.606Z] ----------------------------------------------------------------------
[debug] [2022-10-09T10:32:51.608Z] Command:       C:\Program Files\nodejs\node.exe C:\Users\bhuva\AppData\Roaming\npm\node_modules\firebase-tools\lib\bin\firebase.js init
[debug] [2022-10-09T10:32:51.609Z] CLI Version:   11.14.1
[debug] [2022-10-09T10:32:51.609Z] Platform:      win32
[debug] [2022-10-09T10:32:51.609Z] Node Version:  v16.16.0
[debug] [2022-10-09T10:32:51.610Z] Time:          Sun Oct 09 2022 16:02:51 GMT+0530 (India Standard Time)
[debug] [2022-10-09T10:32:51.611Z] ----------------------------------------------------------------------
[debug] 
[debug] [2022-10-09T10:32:51.622Z] > command requires scopes: ["email","openid","https://www.googleapis.com/auth/cloudplatformprojects.readonly","https://www.googleapis.com/auth/firebase","https://www.googleapis.com/auth/cloud-platform"]
[debug] [2022-10-09T10:32:51.623Z] > authorizing via signed-in user (bhuvansen4@gmail.com)
[info] 
     ######## #### ########  ######## ########     ###     ######  ########
     ##        ##  ##     ## ##       ##     ##  ##   ##  ##       ##
     ######    ##  ########  ######   ########  #########  ######  ######
     ##        ##  ##    ##  ##       ##     ## ##     ##       ## ##
     ##       #### ##     ## ######## ########  ##     ##  ######  ########

You're about to initialize a Firebase project in this directory:

  C:\My Files\Bhuvan\Study and develop\GIT REPOSITORY\Shoe Site\Backend

Before we get started, keep in mind:

  * You are currently outside your home directory

[info] 
=== Project Setup
[info] 
[info] First, let's associate this project directory with a Firebase project.
[info] You can create multiple project aliases by running firebase use --add, 
[info] but for now we'll just set up a default project.
[info] 
[debug] [2022-10-09T10:33:20.073Z] > refreshing access token with scopes: []
[debug] [2022-10-09T10:33:20.077Z] >>> [apiv2][query] POST https://www.googleapis.com/oauth2/v3/token [none]
[debug] [2022-10-09T10:33:20.077Z] >>> [apiv2][body] POST https://www.googleapis.com/oauth2/v3/token [omitted]
[debug] [2022-10-09T10:33:22.189Z] <<< [apiv2][status] POST https://www.googleapis.com/oauth2/v3/token 200
[debug] [2022-10-09T10:33:22.190Z] <<< [apiv2][body] POST https://www.googleapis.com/oauth2/v3/token [omitted]
[debug] [2022-10-09T10:33:22.213Z] >>> [apiv2][query] GET https://firebase.googleapis.com/v1beta1/projects pageSize=100
[debug] [2022-10-09T10:33:23.773Z] <<< [apiv2][status] GET https://firebase.googleapis.com/v1beta1/projects 200
[debug] [2022-10-09T10:33:23.773Z] <<< [apiv2][body] GET https://firebase.googleapis.com/v1beta1/projects [omitted]
[info] i  Using project shoe-site-backend (shoe-site-backend) 
[info] 
=== Hosting Setup
[info] 
[info] Your public directory is the folder (relative to your project directory) that
[info] will contain Hosting assets to be uploaded with firebase deploy. If you
[info] have a build process for your assets, use your build's output directory.
[info] 
[info] i  Skipping write of public/404.html 
[debug] [2022-10-09T10:33:48.471Z] >>> [apiv2][query] GET https://www.gstatic.com/firebasejs/releases.json [none]
[debug] [2022-10-09T10:33:50.199Z] <<< [apiv2][status] GET https://www.gstatic.com/firebasejs/releases.json 200
[debug] [2022-10-09T10:33:50.199Z] <<< [apiv2][body] GET https://www.gstatic.com/firebasejs/releases.json {"current":{"version":"9.11.0","browserURL":"https://www.gstatic.com/firebasejs/9.11.0/firebase.js","packageURL":"https://www.gstatic.com/firebasejs/9.11.0/firebase.tgz"},"live":{"version":"9.11","browserURL":"https://www.gstatic.com/firebasejs/live/9.11/firebase.js","packageURL":"https://www.gstatic.com/firebasejs/live/9.11/firebase.tgz"},"components":{"analytics":"https://www.gstatic.com/firebasejs/9.11.0/firebase-analytics.js","app":"https://www.gstatic.com/firebasejs/9.11.0/firebase-app.js","app-check":"https://www.gstatic.com/firebasejs/9.11.0/firebase-app-check.js","auth":"https://www.gstatic.com/firebasejs/9.11.0/firebase-auth.js","auth/cordova":"https://www.gstatic.com/firebasejs/9.11.0/firebase-auth/cordova.js","auth/react-native":"https://www.gstatic.com/firebasejs/9.11.0/firebase-auth/react-native.js","functions":"https://www.gstatic.com/firebasejs/9.11.0/firebase-functions.js","firestore":"https://www.gstatic.com/firebasejs/9.11.0/firebase-firestore.js","firestore/lite":"https://www.gstatic.com/firebasejs/9.11.0/firebase-firestore/lite.js","installations":"https://www.gstatic.com/firebasejs/9.11.0/firebase-installations.js","storage":"https://www.gstatic.com/firebasejs/9.11.0/firebase-storage.js","performance":"https://www.gstatic.com/firebasejs/9.11.0/firebase-performance.js","remote-config":"https://www.gstatic.com/firebasejs/9.11.0/firebase-remote-config.js","messaging":"https://www.gstatic.com/firebasejs/9.11.0/firebase-messaging.js","messaging/sw":"https://www.gstatic.com/firebasejs/9.11.0/firebase-messaging/sw.js","database":"https://www.gstatic.com/firebasejs/9.11.0/firebase-database.js","firestore.memory":"https://www.gstatic.com/firebasejs/9.11.0/firebase-firestore.memory.js"}}
[info] i  Skipping write of public/index.html 
[info] 
[info] i  Detected a .git folder at C:\My Files\Bhuvan\Study and develop\GIT REPOSITORY\Shoe Site 
[info] i  Authorizing with GitHub to upload your service account to a GitHub repository's secrets store. 
[info] 
[info] Visit this URL on this device to log in:
[info] https://github.com/login/oauth/authorize?client_id=89cf50f02ac6aaed3484&state=221643337&redirect_uri=http%3A%2F%2Flocalhost%3A9005&scope=read%3Auser%20repo%20public_repo
[info] 
[info] Waiting for authentication...
[debug] [2022-10-09T10:34:01.289Z] >>> [apiv2][query] POST https://github.com/login/oauth/access_token [none]
[debug] [2022-10-09T10:34:01.289Z] >>> [apiv2][body] POST https://github.com/login/oauth/access_token [stream]
[debug] [2022-10-09T10:34:04.138Z] <<< [apiv2][status] POST https://github.com/login/oauth/access_token 200
[debug] [2022-10-09T10:34:04.138Z] <<< [apiv2][body] POST https://github.com/login/oauth/access_token {"access_token":"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","token_type":"bearer","scope":"read:user,repo"}
[debug] [2022-10-09T10:34:04.163Z] >>> [apiv2][query] GET https://api.github.com/user [none]
[debug] [2022-10-09T10:34:06.469Z] <<< [apiv2][status] GET https://api.github.com/user 200
[debug] [2022-10-09T10:34:06.469Z] <<< [apiv2][body] GET https://api.github.com/user {"login":"bhuvansen","id":77960269,"node_id":"MDQ6VXNlcjc3OTYwMjY5","avatar_url":"https://avatars.githubusercontent.com/u/77960269?v=4","gravatar_id":"","url":"https://api.github.com/users/bhuvansen","html_url":"https://github.com/bhuvansen","followers_url":"https://api.github.com/users/bhuvansen/followers","following_url":"https://api.github.com/users/bhuvansen/following{/other_user}","gists_url":"https://api.github.com/users/bhuvansen/gists{/gist_id}","starred_url":"https://api.github.com/users/bhuvansen/starred{/owner}{/repo}","subscriptions_url":"https://api.github.com/users/bhuvansen/subscriptions","organizations_url":"https://api.github.com/users/bhuvansen/orgs","repos_url":"https://api.github.com/users/bhuvansen/repos","events_url":"https://api.github.com/users/bhuvansen/events{/privacy}","received_events_url":"https://api.github.com/users/bhuvansen/received_events","type":"User","site_admin":false,"name":"Bhuvan Sen","company":null,"blog":"","location":null,"email":null,"hireable":null,"bio":null,"twitter_username":null,"public_repos":6,"public_gists":0,"followers":0,"following":0,"created_at":"2021-01-25T08:42:45Z","updated_at":"2022-09-03T16:20:52Z","private_gists":0,"total_private_repos":2,"owned_private_repos":2,"disk_usage":14072,"collaborators":0,"two_factor_authentication":false,"plan":{"name":"free","space":976562499,"collaborators":0,"private_repos":10000}}
[info] 
[info] +  Success! Logged into GitHub as bhuvansen 
[info] 
